TN:
SF:lib/index.js
FN:3,(anonymous_0)
FN:5,(anonymous_1)
FN:15,(anonymous_2)
FN:22,(anonymous_3)
FNF:4
FNH:4
FNDA:5,(anonymous_0)
FNDA:10,(anonymous_1)
FNDA:4,(anonymous_2)
FNDA:40,(anonymous_3)
DA:4,5
DA:5,1
DA:6,10
DA:7,10
DA:11,4
DA:13,4
DA:15,4
DA:22,4
DA:23,40
DA:24,36
DA:25,8
DA:26,28
DA:27,12
DA:29,36
LF:14
LH:14
BRDA:4,0,0,1
BRDA:4,0,1,4
BRDA:11,1,0,2
BRDA:11,1,1,2
BRDA:16,2,0,4
BRDA:16,2,1,2
BRDA:17,3,0,4
BRDA:17,3,1,2
BRDA:18,4,0,4
BRDA:18,4,1,4
BRDA:23,5,0,4
BRDA:23,5,1,36
BRDA:24,6,0,8
BRDA:24,6,1,28
BRDA:26,7,0,12
BRDA:26,7,1,16
BRF:16
BRH:16
end_of_record
